Determining if the pthread_create exist failed with the following output:
Change Dir: /home/harry/priProjects/personal/cc/ccSamples/cmake-build-release/CMakeFiles/CMakeTmp

Run Build Command:"/usr/bin/make" "cmTC_323c1/fast"
/usr/bin/make -f CMakeFiles/cmTC_323c1.dir/build.make CMakeFiles/cmTC_323c1.dir/build
make[1]: 正在进入目录 `/home/harry/priProjects/personal/cc/ccSamples/cmake-build-release/CMakeFiles/CMakeTmp'
Building C object CMakeFiles/cmTC_323c1.dir/CheckSymbolExists.c.o
/usr/bin/gcc    -o CMakeFiles/cmTC_323c1.dir/CheckSymbolExists.c.o   -c /home/harry/priProjects/personal/cc/ccSamples/cmake-build-release/CMakeFiles/CMakeTmp/CheckSymbolExists.c
Linking C executable cmTC_323c1
/home/harry/tools/clion-2018.2/bin/cmake/linux/bin/cmake -E cmake_link_script CMakeFiles/cmTC_323c1.dir/link.txt --verbose=1
/usr/bin/gcc      CMakeFiles/cmTC_323c1.dir/CheckSymbolExists.c.o  -o cmTC_323c1 
CMakeFiles/cmTC_323c1.dir/CheckSymbolExists.c.o：在函数‘main’中：
CheckSymbolExists.c:(.text+0x16)：对‘pthread_create’未定义的引用
collect2: error: ld returned 1 exit status
make[1]: *** [cmTC_323c1] 错误 1
make[1]:正在离开目录 `/home/harry/priProjects/personal/cc/ccSamples/cmake-build-release/CMakeFiles/CMakeTmp'
make: *** [cmTC_323c1/fast] 错误 2

File /home/harry/priProjects/personal/cc/ccSamples/cmake-build-release/CMakeFiles/CMakeTmp/CheckSymbolExists.c:
/* */
#include <pthread.h>

int main(int argc, char** argv)
{
  (void)argv;
#ifndef pthread_create
  return ((int*)(&pthread_create))[argc];
#else
  (void)argc;
  return 0;
#endif
}

Determining if the function pthread_create exists in the pthreads failed with the following output:
Change Dir: /home/harry/priProjects/personal/cc/ccSamples/cmake-build-release/CMakeFiles/CMakeTmp

Run Build Command:"/usr/bin/make" "cmTC_7fcf3/fast"
/usr/bin/make -f CMakeFiles/cmTC_7fcf3.dir/build.make CMakeFiles/cmTC_7fcf3.dir/build
make[1]: 正在进入目录 `/home/harry/priProjects/personal/cc/ccSamples/cmake-build-release/CMakeFiles/CMakeTmp'
Building C object CMakeFiles/cmTC_7fcf3.dir/CheckFunctionExists.c.o
/usr/bin/gcc   -DCHECK_FUNCTION_EXISTS=pthread_create   -o CMakeFiles/cmTC_7fcf3.dir/CheckFunctionExists.c.o   -c /home/harry/tools/clion-2018.2/bin/cmake/linux/share/cmake-3.12/Modules/CheckFunctionExists.c
Linking C executable cmTC_7fcf3
/home/harry/tools/clion-2018.2/bin/cmake/linux/bin/cmake -E cmake_link_script CMakeFiles/cmTC_7fcf3.dir/link.txt --verbose=1
/usr/bin/gcc  -DCHECK_FUNCTION_EXISTS=pthread_create    CMakeFiles/cmTC_7fcf3.dir/CheckFunctionExists.c.o  -o cmTC_7fcf3 -lpthreads 
/usr/bin/ld: 找不到 -lpthreads
collect2: error: ld returned 1 exit status
make[1]: *** [cmTC_7fcf3] 错误 1
make[1]:正在离开目录 `/home/harry/priProjects/personal/cc/ccSamples/cmake-build-release/CMakeFiles/CMakeTmp'
make: *** [cmTC_7fcf3/fast] 错误 2


